# JRE version: OpenJDK Runtime Environment Temurin-17.0.2+8 (17.0.2+8) (build 17.0.2+8)
# Java VM: OpenJDK 64-Bit Server VM Temurin-17.0.2+8 (17.0.2+8, mixed mode, tiered, compressed oops, compressed class ptrs, g1 gc, windows-amd64)
GC Precious Log:
 CPUs: 4 total, 4 available
 Memory: 3993M
 Large Page Support: Disabled
 NUMA Support: Disabled
 Compressed Oops: Enabled (32-bit)
 Heap Region Size: 1M
 Heap Min Capacity: 8M
 Heap Initial Capacity: 64M
 Heap Max Capacity: 1000M
 Pre-touch: Disabled
 Parallel Workers: 4
 Concurrent Workers: 1
 Concurrent Refinement Workers: 4
 Periodic GC: Disabled
Heap:
 garbage-first heap   total 43008K, used 27438K [0x00000000c1800000, 0x0000000100000000)
  region size 1024K, 7 young (7168K), 2 survivors (2048K)
 Metaspace       used 59945K, committed 60224K, reserved 1105920K
  class space    used 7676K, committed 7808K, reserved 1048576K
GC Heap History (20 events):
Event: 13.159 GC heap before
{Heap before GC invocations=9 (full 0):
 garbage-first heap   total 40960K, used 20372K [0x00000000c1800000, 0x0000000100000000)
  region size 1024K, 9 young (9216K), 3 survivors (3072K)
 Metaspace       used 35996K, committed 36288K, reserved 1081344K
  class space    used 4184K, committed 4352K, reserved 1048576K
}
Event: 13.169 GC heap after
{Heap after GC invocations=10 (full 0):
 garbage-first heap   total 40960K, used 15874K [0x00000000c1800000, 0x0000000100000000)
  region size 1024K, 1 young (1024K), 1 survivors (1024K)
 Metaspace       used 35996K, committed 36288K, reserved 1081344K
  class space    used 4184K, committed 4352K, reserved 1048576K
}
Event: 14.454 GC heap before
{Heap before GC invocations=11 (full 0):
 garbage-first heap   total 40960K, used 30210K [0x00000000c1800000, 0x0000000100000000)
  region size 1024K, 15 young (15360K), 1 survivors (1024K)
 Metaspace       used 38098K, committed 38336K, reserved 1089536K
  class space    used 4497K, committed 4608K, reserved 1048576K
}
Event: 14.458 GC heap after
{Heap after GC invocations=12 (full 0):
 garbage-first heap   total 40960K, used 16723K [0x00000000c1800000, 0x0000000100000000)
  region size 1024K, 2 young (2048K), 2 survivors (2048K)
 Metaspace       used 38098K, committed 38336K, reserved 1089536K
  class space    used 4497K, committed 4608K, reserved 1048576K
}
Event: 15.648 GC heap before
{Heap before GC invocations=12 (full 0):
 garbage-first heap   total 40960K, used 30035K [0x00000000c1800000, 0x0000000100000000)
  region size 1024K, 15 young (15360K), 2 survivors (2048K)
 Metaspace       used 41607K, committed 41920K, reserved 1089536K
  class space    used 5014K, committed 5120K, reserved 1048576K
}
Event: 15.653 GC heap after
{Heap after GC invocations=13 (full 0):
 garbage-first heap   total 40960K, used 17486K [0x00000000c1800000, 0x0000000100000000)
  region size 1024K, 1 young (1024K), 1 survivors (1024K)
 Metaspace       used 41607K, committed 41920K, reserved 1089536K
  class space    used 5014K, committed 5120K, reserved 1048576K
}
Event: 16.548 GC heap before
{Heap before GC invocations=13 (full 0):
 garbage-first heap   total 40960K, used 29774K [0x00000000c1800000, 0x0000000100000000)
  region size 1024K, 14 young (14336K), 1 survivors (1024K)
 Metaspace       used 45963K, committed 46272K, reserved 1097728K
  class space    used 5631K, committed 5760K, reserved 1048576K
}
Event: 16.552 GC heap after
{Heap after GC invocations=14 (full 0):
 garbage-first heap   total 40960K, used 18703K [0x00000000c1800000, 0x0000000100000000)
  region size 1024K, 2 young (2048K), 2 survivors (2048K)
 Metaspace       used 45963K, committed 46272K, reserved 1097728K
  class space    used 5631K, committed 5760K, reserved 1048576K
}
Event: 17.644 GC heap before
{Heap before GC invocations=14 (full 0):
 garbage-first heap   total 40960K, used 32015K [0x00000000c1800000, 0x0000000100000000)
  region size 1024K, 15 young (15360K), 2 survivors (2048K)
 Metaspace       used 49403K, committed 49792K, reserved 1097728K
  class space    used 6149K, committed 6336K, reserved 1048576K
}
Event: 17.650 GC heap after
{Heap after GC invocations=15 (full 0):
 garbage-first heap   total 40960K, used 20187K [0x00000000c1800000, 0x0000000100000000)
  region size 1024K, 2 young (2048K), 2 survivors (2048K)
 Metaspace       used 49403K, committed 49792K, reserved 1097728K
  class space    used 6149K, committed 6336K, reserved 1048576K
}
Event: 18.515 GC heap before
{Heap before GC invocations=15 (full 0):
 garbage-first heap   total 40960K, used 30427K [0x00000000c1800000, 0x0000000100000000)
  region size 1024K, 13 young (13312K), 2 survivors (2048K)
 Metaspace       used 52733K, committed 53056K, reserved 1097728K
  class space    used 6675K, committed 6848K, reserved 1048576K
}
Event: 18.521 GC heap after
{Heap after GC invocations=16 (full 0):
 garbage-first heap   total 40960K, used 20728K [0x00000000c1800000, 0x0000000100000000)
  region size 1024K, 1 young (1024K), 1 survivors (1024K)
 Metaspace       used 52733K, committed 53056K, reserved 1097728K
  class space    used 6675K, committed 6848K, reserved 1048576K
}
Event: 19.520 GC heap before
{Heap before GC invocations=17 (full 0):
 garbage-first heap   total 40960K, used 31992K [0x00000000c1800000, 0x0000000100000000)
  region size 1024K, 12 young (12288K), 1 survivors (1024K)
 Metaspace       used 54402K, committed 54720K, reserved 1097728K
  class space    used 6940K, committed 7104K, reserved 1048576K
}
Event: 19.523 GC heap after
{Heap after GC invocations=18 (full 0):
 garbage-first heap   total 40960K, used 21009K [0x00000000c1800000, 0x0000000100000000)
  region size 1024K, 1 young (1024K), 1 survivors (1024K)
 Metaspace       used 54402K, committed 54720K, reserved 1097728K
  class space    used 6940K, committed 7104K, reserved 1048576K
}
Event: 20.489 GC heap before
{Heap before GC invocations=18 (full 0):
 garbage-first heap   total 40960K, used 33297K [0x00000000c1800000, 0x0000000100000000)
  region size 1024K, 13 young (13312K), 1 survivors (1024K)
 Metaspace       used 57132K, committed 57472K, reserved 1105920K
  class space    used 7260K, committed 7424K, reserved 1048576K
}
Event: 20.494 GC heap after
{Heap after GC invocations=19 (full 0):
 garbage-first heap   total 40960K, used 22002K [0x00000000c1800000, 0x0000000100000000)
  region size 1024K, 2 young (2048K), 2 survivors (2048K)
 Metaspace       used 57132K, committed 57472K, reserved 1105920K
  class space    used 7260K, committed 7424K, reserved 1048576K
}
Event: 21.188 GC heap before
{Heap before GC invocations=20 (full 0):
 garbage-first heap   total 40960K, used 33266K [0x00000000c1800000, 0x0000000100000000)
  region size 1024K, 13 young (13312K), 2 survivors (2048K)
 Metaspace       used 58316K, committed 58688K, reserved 1105920K
  class space    used 7451K, committed 7616K, reserved 1048576K
}
Event: 21.194 GC heap after
{Heap after GC invocations=21 (full 0):
 garbage-first heap   total 40960K, used 22773K [0x00000000c1800000, 0x0000000100000000)
  region size 1024K, 2 young (2048K), 2 survivors (2048K)
 Metaspace       used 58316K, committed 58688K, reserved 1105920K
  class space    used 7451K, committed 7616K, reserved 1048576K
}
Event: 21.566 GC heap before
{Heap before GC invocations=21 (full 0):
 garbage-first heap   total 40960K, used 33013K [0x00000000c1800000, 0x0000000100000000)
  region size 1024K, 12 young (12288K), 2 survivors (2048K)
 Metaspace       used 59765K, committed 60096K, reserved 1105920K
  class space    used 7654K, committed 7808K, reserved 1048576K
}
Event: 21.572 GC heap after
{Heap after GC invocations=22 (full 0):
 garbage-first heap   total 40960K, used 23342K [0x00000000c1800000, 0x0000000100000000)
  region size 1024K, 2 young (2048K), 2 survivors (2048K)
 Metaspace       used 59765K, committed 60096K, reserved 1105920K
  class space    used 7654K, committed 7808K, reserved 1048576K
}

