# JRE version: OpenJDK Runtime Environment Temurin-17.0.2+8 (17.0.2+8) (build 17.0.2+8)
# Java VM: OpenJDK 64-Bit Server VM Temurin-17.0.2+8 (17.0.2+8, mixed mode, tiered, compressed oops, compressed class ptrs, g1 gc, windows-amd64)
GC Precious Log:
 CPUs: 4 total, 4 available
 Memory: 3993M
 Large Page Support: Disabled
 NUMA Support: Disabled
 Compressed Oops: Enabled (32-bit)
 Heap Region Size: 1M
 Heap Min Capacity: 8M
 Heap Initial Capacity: 64M
 Heap Max Capacity: 1000M
 Pre-touch: Disabled
 Parallel Workers: 4
 Concurrent Workers: 1
 Concurrent Refinement Workers: 4
 Periodic GC: Disabled
Heap:
 garbage-first heap   total 50176K, used 34458K [0x00000000c1800000, 0x0000000100000000)
  region size 1024K, 12 young (12288K), 1 survivors (1024K)
 Metaspace       used 63378K, committed 63744K, reserved 1105920K
  class space    used 8134K, committed 8320K, reserved 1048576K
GC Heap History (20 events):
Event: 28.597 GC heap before
{Heap before GC invocations=15 (full 0):
 garbage-first heap   total 37888K, used 28406K [0x00000000c1800000, 0x0000000100000000)
  region size 1024K, 12 young (12288K), 2 survivors (2048K)
 Metaspace       used 47105K, committed 47424K, reserved 1097728K
  class space    used 5847K, committed 6016K, reserved 1048576K
}
Event: 28.603 GC heap after
{Heap after GC invocations=16 (full 0):
 garbage-first heap   total 37888K, used 19391K [0x00000000c1800000, 0x0000000100000000)
  region size 1024K, 2 young (2048K), 2 survivors (2048K)
 Metaspace       used 47105K, committed 47424K, reserved 1097728K
  class space    used 5847K, committed 6016K, reserved 1048576K
}
Event: 29.255 GC heap before
{Heap before GC invocations=17 (full 0):
 garbage-first heap   total 37888K, used 28607K [0x00000000c1800000, 0x0000000100000000)
  region size 1024K, 12 young (12288K), 2 survivors (2048K)
 Metaspace       used 49820K, committed 50176K, reserved 1097728K
  class space    used 6217K, committed 6400K, reserved 1048576K
}
Event: 29.261 GC heap after
{Heap after GC invocations=18 (full 0):
 garbage-first heap   total 37888K, used 20189K [0x00000000c1800000, 0x0000000100000000)
  region size 1024K, 1 young (1024K), 1 survivors (1024K)
 Metaspace       used 49820K, committed 50176K, reserved 1097728K
  class space    used 6217K, committed 6400K, reserved 1048576K
}
Event: 29.825 GC heap before
{Heap before GC invocations=18 (full 0):
 garbage-first heap   total 37888K, used 29405K [0x00000000c1800000, 0x0000000100000000)
  region size 1024K, 11 young (11264K), 1 survivors (1024K)
 Metaspace       used 52669K, committed 52992K, reserved 1097728K
  class space    used 6701K, committed 6848K, reserved 1048576K
}
Event: 29.831 GC heap after
{Heap after GC invocations=19 (full 0):
 garbage-first heap   total 37888K, used 20697K [0x00000000c1800000, 0x0000000100000000)
  region size 1024K, 2 young (2048K), 2 survivors (2048K)
 Metaspace       used 52669K, committed 52992K, reserved 1097728K
  class space    used 6701K, committed 6848K, reserved 1048576K
}
Event: 30.442 GC heap before
{Heap before GC invocations=20 (full 0):
 garbage-first heap   total 37888K, used 29913K [0x00000000c1800000, 0x0000000100000000)
  region size 1024K, 11 young (11264K), 2 survivors (2048K)
 Metaspace       used 54444K, committed 54784K, reserved 1097728K
  class space    used 6966K, committed 7104K, reserved 1048576K
}
Event: 30.446 GC heap after
{Heap after GC invocations=21 (full 0):
 garbage-first heap   total 37888K, used 21024K [0x00000000c1800000, 0x0000000100000000)
  region size 1024K, 1 young (1024K), 1 survivors (1024K)
 Metaspace       used 54444K, committed 54784K, reserved 1097728K
  class space    used 6966K, committed 7104K, reserved 1048576K
}
Event: 31.218 GC heap before
{Heap before GC invocations=21 (full 0):
 garbage-first heap   total 37888K, used 30240K [0x00000000c1800000, 0x0000000100000000)
  region size 1024K, 10 young (10240K), 1 survivors (1024K)
 Metaspace       used 56314K, committed 56640K, reserved 1105920K
  class space    used 7187K, committed 7360K, reserved 1048576K
}
Event: 31.225 GC heap after
{Heap after GC invocations=22 (full 0):
 garbage-first heap   total 37888K, used 21728K [0x00000000c1800000, 0x0000000100000000)
  region size 1024K, 2 young (2048K), 2 survivors (2048K)
 Metaspace       used 56314K, committed 56640K, reserved 1105920K
  class space    used 7187K, committed 7360K, reserved 1048576K
}
Event: 31.885 GC heap before
{Heap before GC invocations=23 (full 0):
 garbage-first heap   total 39936K, used 28896K [0x00000000c1800000, 0x0000000100000000)
  region size 1024K, 10 young (10240K), 2 survivors (2048K)
 Metaspace       used 58023K, committed 58368K, reserved 1105920K
  class space    used 7428K, committed 7616K, reserved 1048576K
}
Event: 31.892 GC heap after
{Heap after GC invocations=24 (full 0):
 garbage-first heap   total 39936K, used 22415K [0x00000000c1800000, 0x0000000100000000)
  region size 1024K, 2 young (2048K), 2 survivors (2048K)
 Metaspace       used 58023K, committed 58368K, reserved 1105920K
  class space    used 7428K, committed 7616K, reserved 1048576K
}
Event: 32.111 GC heap before
{Heap before GC invocations=24 (full 0):
 garbage-first heap   total 39936K, used 31631K [0x00000000c1800000, 0x0000000100000000)
  region size 1024K, 11 young (11264K), 2 survivors (2048K)
 Metaspace       used 58336K, committed 58688K, reserved 1105920K
  class space    used 7471K, committed 7616K, reserved 1048576K
}
Event: 32.118 GC heap after
{Heap after GC invocations=25 (full 0):
 garbage-first heap   total 39936K, used 22809K [0x00000000c1800000, 0x0000000100000000)
  region size 1024K, 2 young (2048K), 2 survivors (2048K)
 Metaspace       used 58336K, committed 58688K, reserved 1105920K
  class space    used 7471K, committed 7616K, reserved 1048576K
}
Event: 32.574 GC heap before
{Heap before GC invocations=26 (full 0):
 garbage-first heap   total 43008K, used 31001K [0x00000000c1800000, 0x0000000100000000)
  region size 1024K, 10 young (10240K), 2 survivors (2048K)
 Metaspace       used 59326K, committed 59648K, reserved 1105920K
  class space    used 7612K, committed 7744K, reserved 1048576K
}
Event: 32.581 GC heap after
{Heap after GC invocations=27 (full 0):
 garbage-first heap   total 43008K, used 23673K [0x00000000c1800000, 0x0000000100000000)
  region size 1024K, 2 young (2048K), 2 survivors (2048K)
 Metaspace       used 59326K, committed 59648K, reserved 1105920K
  class space    used 7612K, committed 7744K, reserved 1048576K
}
Event: 33.043 GC heap before
{Heap before GC invocations=27 (full 0):
 garbage-first heap   total 43008K, used 33913K [0x00000000c1800000, 0x0000000100000000)
  region size 1024K, 12 young (12288K), 2 survivors (2048K)
 Metaspace       used 60711K, committed 61056K, reserved 1105920K
  class space    used 7801K, committed 7936K, reserved 1048576K
}
Event: 33.052 GC heap after
{Heap after GC invocations=28 (full 0):
 garbage-first heap   total 43008K, used 24710K [0x00000000c1800000, 0x0000000100000000)
  region size 1024K, 2 young (2048K), 2 survivors (2048K)
 Metaspace       used 60711K, committed 61056K, reserved 1105920K
  class space    used 7801K, committed 7936K, reserved 1048576K
}
Event: 33.244 GC heap before
{Heap before GC invocations=29 (full 0):
 garbage-first heap   total 50176K, used 33926K [0x00000000c1800000, 0x0000000100000000)
  region size 1024K, 11 young (11264K), 2 survivors (2048K)
 Metaspace       used 60899K, committed 61248K, reserved 1105920K
  class space    used 7825K, committed 8000K, reserved 1048576K
}
Event: 33.251 GC heap after
{Heap after GC invocations=30 (full 0):
 garbage-first heap   total 50176K, used 25242K [0x00000000c1800000, 0x0000000100000000)
  region size 1024K, 1 young (1024K), 1 survivors (1024K)
 Metaspace       used 60899K, committed 61248K, reserved 1105920K
  class space    used 7825K, committed 8000K, reserved 1048576K
}

