# JRE version: OpenJDK Runtime Environment Temurin-17.0.2+8 (17.0.2+8) (build 17.0.2+8)
# Java VM: OpenJDK 64-Bit Server VM Temurin-17.0.2+8 (17.0.2+8, mixed mode, tiered, compressed oops, compressed class ptrs, g1 gc, windows-amd64)
GC Precious Log:
 CPUs: 4 total, 4 available
 Memory: 3993M
 Large Page Support: Disabled
 NUMA Support: Disabled
 Compressed Oops: Enabled (32-bit)
 Heap Region Size: 1M
 Heap Min Capacity: 8M
 Heap Initial Capacity: 64M
 Heap Max Capacity: 1000M
 Pre-touch: Disabled
 Parallel Workers: 4
 Concurrent Workers: 1
 Concurrent Refinement Workers: 4
 Periodic GC: Disabled
Heap:
 garbage-first heap   total 178176K, used 104412K [0x00000000c1800000, 0x0000000100000000)
  region size 1024K, 22 young (22528K), 2 survivors (2048K)
 Metaspace       used 67914K, committed 68352K, reserved 1114112K
  class space    used 8642K, committed 8832K, reserved 1048576K
GC Heap History (20 events):
Event: 13.845 GC heap before
{Heap before GC invocations=19 (full 0):
 garbage-first heap   total 49152K, used 38973K [0x00000000c1800000, 0x0000000100000000)
  region size 1024K, 17 young (17408K), 2 survivors (2048K)
 Metaspace       used 61390K, committed 61696K, reserved 1105920K
  class space    used 7848K, committed 8000K, reserved 1048576K
}
Event: 13.850 GC heap after
{Heap after GC invocations=20 (full 0):
 garbage-first heap   total 59392K, used 24092K [0x00000000c1800000, 0x0000000100000000)
  region size 1024K, 2 young (2048K), 2 survivors (2048K)
 Metaspace       used 61390K, committed 61696K, reserved 1105920K
  class space    used 7848K, committed 8000K, reserved 1048576K
}
Event: 14.925 GC heap before
{Heap before GC invocations=21 (full 0):
 garbage-first heap   total 59392K, used 46620K [0x00000000c1800000, 0x0000000100000000)
  region size 1024K, 24 young (24576K), 2 survivors (2048K)
 Metaspace       used 63426K, committed 63744K, reserved 1105920K
  class space    used 8120K, committed 8256K, reserved 1048576K
}
Event: 14.936 GC heap after
{Heap after GC invocations=22 (full 0):
 garbage-first heap   total 59392K, used 25741K [0x00000000c1800000, 0x0000000100000000)
  region size 1024K, 3 young (3072K), 3 survivors (3072K)
 Metaspace       used 63426K, committed 63744K, reserved 1105920K
  class space    used 8120K, committed 8256K, reserved 1048576K
}
Event: 27.452 GC heap before
{Heap before GC invocations=22 (full 0):
 garbage-first heap   total 59392K, used 43149K [0x00000000c1800000, 0x0000000100000000)
  region size 1024K, 18 young (18432K), 3 survivors (3072K)
 Metaspace       used 66105K, committed 66560K, reserved 1114112K
  class space    used 8455K, committed 8640K, reserved 1048576K
}
Event: 27.468 GC heap after
{Heap after GC invocations=23 (full 0):
 garbage-first heap   total 59392K, used 31251K [0x00000000c1800000, 0x0000000100000000)
  region size 1024K, 3 young (3072K), 3 survivors (3072K)
 Metaspace       used 66105K, committed 66560K, reserved 1114112K
  class space    used 8455K, committed 8640K, reserved 1048576K
}
Event: 27.750 GC heap before
{Heap before GC invocations=24 (full 0):
 garbage-first heap   total 63488K, used 55827K [0x00000000c1800000, 0x0000000100000000)
  region size 1024K, 8 young (8192K), 3 survivors (3072K)
 Metaspace       used 66273K, committed 66688K, reserved 1114112K
  class space    used 8470K, committed 8640K, reserved 1048576K
}
Event: 27.759 GC heap after
{Heap after GC invocations=25 (full 0):
 garbage-first heap   total 64512K, used 46850K [0x00000000c1800000, 0x0000000100000000)
  region size 1024K, 3 young (3072K), 3 survivors (3072K)
 Metaspace       used 66273K, committed 66688K, reserved 1114112K
  class space    used 8470K, committed 8640K, reserved 1048576K
}
Event: 27.787 GC heap before
{Heap before GC invocations=25 (full 0):
 garbage-first heap   total 64512K, used 56066K [0x00000000c1800000, 0x0000000100000000)
  region size 1024K, 4 young (4096K), 3 survivors (3072K)
 Metaspace       used 66273K, committed 66688K, reserved 1114112K
  class space    used 8470K, committed 8640K, reserved 1048576K
}
Event: 27.799 GC heap after
{Heap after GC invocations=26 (full 0):
 garbage-first heap   total 64512K, used 54222K [0x00000000c1800000, 0x0000000100000000)
  region size 1024K, 1 young (1024K), 1 survivors (1024K)
 Metaspace       used 66273K, committed 66688K, reserved 1114112K
  class space    used 8470K, committed 8640K, reserved 1048576K
}
Event: 27.801 GC heap before
{Heap before GC invocations=26 (full 0):
 garbage-first heap   total 64512K, used 54222K [0x00000000c1800000, 0x0000000100000000)
  region size 1024K, 2 young (2048K), 1 survivors (1024K)
 Metaspace       used 66273K, committed 66688K, reserved 1114112K
  class space    used 8470K, committed 8640K, reserved 1048576K
}
Event: 27.803 GC heap after
{Heap after GC invocations=27 (full 0):
 garbage-first heap   total 64512K, used 54187K [0x00000000c1800000, 0x0000000100000000)
  region size 1024K, 1 young (1024K), 1 survivors (1024K)
 Metaspace       used 66273K, committed 66688K, reserved 1114112K
  class space    used 8470K, committed 8640K, reserved 1048576K
}
Event: 27.860 GC heap before
{Heap before GC invocations=27 (full 0):
 garbage-first heap   total 65536K, used 61355K [0x00000000c1800000, 0x0000000100000000)
  region size 1024K, 3 young (3072K), 1 survivors (1024K)
 Metaspace       used 66274K, committed 66688K, reserved 1114112K
  class space    used 8470K, committed 8640K, reserved 1048576K
}
Event: 27.867 GC heap after
{Heap after GC invocations=28 (full 0):
 garbage-first heap   total 178176K, used 59342K [0x00000000c1800000, 0x0000000100000000)
  region size 1024K, 1 young (1024K), 1 survivors (1024K)
 Metaspace       used 66274K, committed 66688K, reserved 1114112K
  class space    used 8470K, committed 8640K, reserved 1048576K
}
Event: 118.857 GC heap before
{Heap before GC invocations=29 (full 0):
 garbage-first heap   total 178176K, used 163790K [0x00000000c1800000, 0x0000000100000000)
  region size 1024K, 23 young (23552K), 1 survivors (1024K)
 Metaspace       used 67790K, committed 68160K, reserved 1114112K
  class space    used 8642K, committed 8832K, reserved 1048576K
}
Event: 118.863 GC heap after
{Heap after GC invocations=30 (full 0):
 garbage-first heap   total 178176K, used 71093K [0x00000000c1800000, 0x0000000100000000)
  region size 1024K, 5 young (5120K), 5 survivors (5120K)
 Metaspace       used 67790K, committed 68160K, reserved 1114112K
  class space    used 8642K, committed 8832K, reserved 1048576K
}
Event: 118.961 GC heap before
{Heap before GC invocations=30 (full 0):
 garbage-first heap   total 178176K, used 89525K [0x00000000c1800000, 0x0000000100000000)
  region size 1024K, 8 young (8192K), 5 survivors (5120K)
 Metaspace       used 67798K, committed 68160K, reserved 1114112K
  class space    used 8642K, committed 8832K, reserved 1048576K
}
Event: 118.966 GC heap after
{Heap after GC invocations=31 (full 0):
 garbage-first heap   total 178176K, used 80359K [0x00000000c1800000, 0x0000000100000000)
  region size 1024K, 1 young (1024K), 1 survivors (1024K)
 Metaspace       used 67798K, committed 68160K, reserved 1114112K
  class space    used 8642K, committed 8832K, reserved 1048576K
}
Event: 118.967 GC heap before
{Heap before GC invocations=31 (full 0):
 garbage-first heap   total 178176K, used 80359K [0x00000000c1800000, 0x0000000100000000)
  region size 1024K, 2 young (2048K), 1 survivors (1024K)
 Metaspace       used 67798K, committed 68160K, reserved 1114112K
  class space    used 8642K, committed 8832K, reserved 1048576K
}
Event: 118.970 GC heap after
{Heap after GC invocations=32 (full 0):
 garbage-first heap   total 178176K, used 80860K [0x00000000c1800000, 0x0000000100000000)
  region size 1024K, 2 young (2048K), 2 survivors (2048K)
 Metaspace       used 67798K, committed 68160K, reserved 1114112K
  class space    used 8642K, committed 8832K, reserved 1048576K
}

